<?xml version="1.0" encoding="UTF-8"?>
<!-- Generated by org.testng.reporters.JUnitReportReporter -->
<testsuite hostname="DESKTOP-KI9J8S8" failures="0" tests="1" name="org.testNGEx4.ParallelEx3" time="55.898" errors="0" timestamp="2023-01-14T18:19:49 IST" skipped="0">
  <testcase classname="org.testNGEx4.ParallelEx3" name="flipkart" time="55.898"/>
  <system-out/>
</testsuite> <!-- org.testNGEx4.ParallelEx3 -->
