<?xml version="1.0" encoding="UTF-8"?>
<!-- Generated by org.testng.reporters.JUnitReportReporter -->
<testsuite hostname="DESKTOP-KI9J8S8" failures="0" tests="2" name="org.testNGEx4.ParallelEx2" time="109.421" errors="0" timestamp="2023-01-14T18:19:49 IST" skipped="0">
  <testcase classname="org.testNGEx4.ParallelEx2" name="demoQA" time="68.231"/>
  <system-out/>
  <testcase classname="org.testNGEx4.ParallelEx2" name="actiTime" time="41.190"/>
  <system-out/>
</testsuite> <!-- org.testNGEx4.ParallelEx2 -->
