<?xml version="1.0" encoding="UTF-8"?>
<!-- Generated by org.testng.reporters.JUnitReportReporter -->
<testsuite hostname="DESKTOP-KI9J8S8" failures="0" tests="2" name="org.TestNGEx.AnnotationsEx1" time="0.030" errors="0" timestamp="2023-01-07T19:30:50 IST" skipped="0">
  <testcase classname="org.TestNGEx.AnnotationsEx1" name="testMethod2" time="0.006"/>
  <system-out/>
  <testcase classname="org.TestNGEx.AnnotationsEx1" name="testMethod1" time="0.024"/>
  <system-out/>
</testsuite> <!-- org.TestNGEx.AnnotationsEx1 -->
