<?xml version="1.0" encoding="UTF-8"?>
<!-- Generated by org.testng.reporters.JUnitReportReporter -->
<testsuite hostname="DESKTOP-KI9J8S8" failures="0" tests="2" name="org.testNGEx4.ReportsEx1" time="0.011" errors="0" timestamp="2023-01-13T23:15:19 IST" skipped="0">
  <testcase classname="org.testNGEx4.ReportsEx1" name="logIn" time="0.004"/>
  <system-out/>
  <testcase classname="org.testNGEx4.ReportsEx1" name="logOut" time="0.007"/>
  <system-out/>
</testsuite> <!-- org.testNGEx4.ReportsEx1 -->
