<?xml version="1.0" encoding="UTF-8"?>
<!-- Generated by org.testng.reporters.JUnitReportReporter -->
<testsuite hostname="DESKTOP-KI9J8S8" failures="0" tests="2" name="org.testNGEx.ActiTimeAssertion" time="63.019" errors="0" timestamp="2023-01-18T23:08:48 IST" skipped="0">
  <testcase classname="org.testNGEx.ActiTimeAssertion" name="verifyLoginPageUrl" time="41.404"/>
  <system-out/>
  <testcase classname="org.testNGEx.ActiTimeAssertion" name="verifyDashboardTitle" time="21.615"/>
  <system-out/>
</testsuite> <!-- org.testNGEx.ActiTimeAssertion -->
