<?xml version="1.0" encoding="UTF-8"?>
<!-- Generated by org.testng.reporters.JUnitReportReporter -->
<testsuite hostname="DESKTOP-KI9J8S8" failures="0" tests="2" name="org.testNGEx4.ParallelEx1" time="95.690" errors="0" timestamp="2023-01-14T18:19:49 IST" skipped="0">
  <testcase classname="org.testNGEx4.ParallelEx1" name="facebook" time="47.501"/>
  <system-out/>
  <testcase classname="org.testNGEx4.ParallelEx1" name="google" time="48.189"/>
  <system-out/>
</testsuite> <!-- org.testNGEx4.ParallelEx1 -->
