<?xml version="1.0" encoding="UTF-8"?>
<!-- Generated by org.testng.reporters.JUnitReportReporter -->
<testsuite hostname="DESKTOP-KI9J8S8" failures="0" tests="3" name="org.TestNGEx2.AccountsTc2" time="0.022" errors="0" timestamp="2023-01-13T11:34:39 IST" skipped="0">
  <testcase classname="org.TestNGEx2.AccountsTc2" name="addAccountTC" time="0.013"/>
  <system-out/>
  <testcase classname="org.TestNGEx2.AccountsTc2" name="searchAccountTC" time="0.006"/>
  <system-out/>
  <testcase classname="org.TestNGEx2.AccountsTc2" name="deleteAccountTC" time="0.003"/>
  <system-out/>
</testsuite> <!-- org.TestNGEx2.AccountsTc2 -->
