<?xml version="1.0" encoding="UTF-8"?>
<!-- Generated by org.testng.reporters.JUnitReportReporter -->
<testsuite hostname="DESKTOP-KI9J8S8" failures="0" tests="3" name="org.TestNGEx2.UsersTC2" time="0.021" errors="0" timestamp="2023-01-13T11:34:39 IST" skipped="0">
  <testcase classname="org.TestNGEx2.UsersTC2" name="searchUsersTC" time="0.010"/>
  <system-out/>
  <testcase classname="org.TestNGEx2.UsersTC2" name="addUsersTC" time="0.003"/>
  <system-out/>
  <testcase classname="org.TestNGEx2.UsersTC2" name="deleteUsersTC" time="0.008"/>
  <system-out/>
</testsuite> <!-- org.TestNGEx2.UsersTC2 -->
