<?xml version="1.0" encoding="UTF-8"?>
<!-- Generated by org.testng.reporters.JUnitReportReporter -->
<testsuite hostname="DESKTOP-KI9J8S8" failures="0" tests="3" name="org.TestNGEx2.CustomersTC2" time="0.052" errors="0" timestamp="2023-01-13T11:34:39 IST" skipped="0">
  <testcase classname="org.TestNGEx2.CustomersTC2" name="searchCustomersTC" time="0.009"/>
  <system-out/>
  <testcase classname="org.TestNGEx2.CustomersTC2" name="addCustomersTC" time="0.028"/>
  <system-out/>
  <testcase classname="org.TestNGEx2.CustomersTC2" name="deleteCustomersTC" time="0.015"/>
  <system-out/>
</testsuite> <!-- org.TestNGEx2.CustomersTC2 -->
