<?xml version="1.0" encoding="UTF-8"?>
<!-- Generated by org.testng.reporters.JUnitReportReporter -->
<testsuite hostname="DESKTOP-KI9J8S8" failures="0" tests="2" name="org.TestNGEx.AnnotationsEx2" time="0.079" errors="0" timestamp="2023-01-07T19:35:34 IST" skipped="0">
  <testcase classname="org.TestNGEx.AnnotationsEx2" name="testMethod2" time="0.034"/>
  <system-out/>
  <testcase classname="org.TestNGEx.AnnotationsEx2" name="testMethod1" time="0.045"/>
  <system-out/>
</testsuite> <!-- org.TestNGEx.AnnotationsEx2 -->
