<?xml version="1.0" encoding="UTF-8"?>
<!-- Generated by org.testng.reporters.JUnitReportReporter -->
<testsuite hostname="DESKTOP-KI9J8S8" failures="0" tests="1" name="org.TestNGEx3.GroupsCustomersTC1" time="0.010" errors="0" timestamp="2023-01-13T21:43:33 IST" skipped="0">
  <testcase classname="org.TestNGEx3.GroupsCustomersTC1" name="searchUsersustomerTC" time="0.010"/>
  <system-out/>
</testsuite> <!-- org.TestNGEx3.GroupsCustomersTC1 -->
