<?xml version="1.0" encoding="UTF-8"?>
<!-- Generated by org.testng.reporters.JUnitReportReporter -->
<testsuite hostname="DESKTOP-KI9J8S8" failures="0" tests="2" name="org.POM_TestCases.LogInTestCases" time="26.993" errors="0" timestamp="2023-01-27T16:44:04 IST" skipped="0">
  <testcase classname="org.POM_TestCases.LogInTestCases" name="verifyLogInPage" time="16.334"/>
  <system-out>
    <![CDATA[uName is Verified
password is Verified
keepMeLogInChkBox is Verified
logInBtn is Verified
loginPagesLogo is Verified
LogIN Page verify successfully]]>
  </system-out>
  <testcase classname="org.POM_TestCases.LogInTestCases" name="verifyLogInPageFunctionality" time="10.659"/>
  <system-out>
    <![CDATA[UserName Entered
Password Entered
Click On LogInBtn]]>
  </system-out>
</testsuite> <!-- org.POM_TestCases.LogInTestCases -->
