<?xml version="1.0" encoding="UTF-8"?>
<!-- Generated by org.testng.reporters.JUnitReportReporter -->
<testsuite hostname="DESKTOP-KI9J8S8" failures="0" tests="3" name="org.TestNGEx2.AccountsTc" time="0.107" errors="0" timestamp="2023-01-12T16:12:22 IST" skipped="0">
  <testcase classname="org.TestNGEx2.AccountsTc" name="addAccountTC" time="0.021"/>
  <system-out/>
  <testcase classname="org.TestNGEx2.AccountsTc" name="searchAccountTC" time="0.011"/>
  <system-out/>
  <testcase classname="org.TestNGEx2.AccountsTc" name="deleteAccountTC" time="0.075"/>
  <system-out/>
</testsuite> <!-- org.TestNGEx2.AccountsTc -->
