<?xml version="1.0" encoding="UTF-8"?>
<!-- Generated by org.testng.reporters.JUnitReportReporter -->
<testsuite hostname="DESKTOP-KI9J8S8" failures="0" tests="2" name="org.POM_TestCases.LogInTestCases1" time="22.308" errors="0" timestamp="2023-01-27T15:58:59 IST" skipped="0">
  <testcase classname="org.POM_TestCases.LogInTestCases1" name="verifyLogInPage" time="11.868"/>
  <system-out>
    <![CDATA[uName is Verified
password is Verified
keepMeLogInChkBox is Verified
logInBtn is Verified
loginPagesLogo is Verified
LogIN Page verify successfully]]>
  </system-out>
  <testcase classname="org.POM_TestCases.LogInTestCases1" name="verifyLogInPageFunctionality" time="10.440"/>
  <system-out>
    <![CDATA[UserName Entered
Password Entered
Click On LogInBtn]]>
  </system-out>
</testsuite> <!-- org.POM_TestCases.LogInTestCases1 -->
