<?xml version="1.0" encoding="UTF-8"?>
<!-- Generated by org.testng.reporters.JUnitReportReporter -->
<testsuite hostname="DESKTOP-KI9J8S8" failures="0" tests="1" name="org.TestNGEx.Ex1" time="0.183" errors="0" timestamp="2023-01-05T22:30:29 IST" skipped="0">
  <testcase classname="org.TestNGEx.Ex1" name="Test3" time="0.183"/>
  <system-out/>
</testsuite> <!-- org.TestNGEx.Ex1 -->
