<?xml version="1.0" encoding="UTF-8"?>
<!-- Generated by org.testng.reporters.JUnitReportReporter -->
<testsuite hostname="DESKTOP-KI9J8S8" failures="0" tests="2" name="org.testNGEx.ActiTimeEx3" time="69.462" errors="0" timestamp="2023-01-18T22:51:05 IST" skipped="0">
  <testcase classname="org.testNGEx.ActiTimeEx3" name="verifyDashboardTitle" time="23.539"/>
  <system-out/>
  <testcase classname="org.testNGEx.ActiTimeEx3" name="verifyLoginPageUrl" time="45.923"/>
  <system-out/>
</testsuite> <!-- org.testNGEx.ActiTimeEx3 -->
