<?xml version="1.0" encoding="UTF-8"?>
<!-- Generated by org.testng.reporters.JUnitReportReporter -->
<testsuite hostname="DESKTOP-KI9J8S8" failures="0" tests="1" name="org.TestNGEx3.ParametersEx" time="33.175" errors="0" timestamp="2023-01-13T19:16:12 IST" skipped="0">
  <testcase classname="org.TestNGEx3.ParametersEx" name="LoginLogout" time="33.175"/>
  <system-out/>
</testsuite> <!-- org.TestNGEx3.ParametersEx -->
