<?xml version="1.0" encoding="UTF-8"?>
<!-- Generated by org.testng.reporters.JUnitReportReporter -->
<testsuite hostname="DESKTOP-KI9J8S8" failures="0" tests="2" name="org.assertionPractice.ActiTimeEx1Test" time="12.530" errors="0" timestamp="2023-01-17T13:34:40 IST" skipped="0">
  <testcase classname="org.assertionPractice.ActiTimeEx1Test" name="verifyDAshBoardUrl" time="8.836"/>
  <system-out>
    <![CDATA[DashBoard Url is Matched]]>
  </system-out>
  <testcase classname="org.assertionPractice.ActiTimeEx1Test" name="verifyDAshBoardTitle" time="3.694"/>
  <system-out>
    <![CDATA[DAshBoard Title is Matched]]>
  </system-out>
</testsuite> <!-- org.assertionPractice.ActiTimeEx1Test -->
