<?xml version="1.0" encoding="UTF-8"?>
<!-- Generated by org.testng.reporters.JUnitReportReporter -->
<testsuite hostname="DESKTOP-KI9J8S8" failures="0" tests="3" name="org.TestNGEx2.CustomersTC1" time="0.044" errors="0" timestamp="2023-01-13T11:34:39 IST" skipped="0">
  <testcase classname="org.TestNGEx2.CustomersTC1" name="searchUsersustomerTC" time="0.018"/>
  <system-out/>
  <testcase classname="org.TestNGEx2.CustomersTC1" name="addCustomerTC" time="0.014"/>
  <system-out/>
  <testcase classname="org.TestNGEx2.CustomersTC1" name="deleteCustomerTC" time="0.012"/>
  <system-out/>
</testsuite> <!-- org.TestNGEx2.CustomersTC1 -->
