<?xml version="1.0" encoding="UTF-8"?>
<!-- Generated by org.testng.reporters.JUnitReportReporter -->
<testsuite hostname="DESKTOP-KI9J8S8" failures="0" tests="2" name="org.assertionPractice.SoftAssertEx" time="0.079" errors="0" timestamp="2023-01-17T08:48:09 IST" skipped="0">
  <testcase classname="org.assertionPractice.SoftAssertEx" name="Method2" time="0.007"/>
  <system-out/>
  <testcase classname="org.assertionPractice.SoftAssertEx" name="Method1" time="0.072"/>
  <system-out/>
</testsuite> <!-- org.assertionPractice.SoftAssertEx -->
