<?xml version="1.0" encoding="UTF-8"?>
<!-- Generated by org.testng.reporters.JUnitReportReporter -->
<testsuite hostname="DESKTOP-KI9J8S8" failures="0" tests="7" name="org.TestNGEx.Ex2" time="0.181" errors="0" timestamp="2023-01-07T13:13:55 IST" skipped="0">
  <testcase classname="org.TestNGEx.Ex2" name="Logout" time="0.009"/>
  <system-out/>
  <testcase classname="org.TestNGEx.Ex2" name="login" time="0.005"/>
  <system-out/>
  <testcase classname="org.TestNGEx.Ex2" name="DeleteCustomer" time="0.008"/>
  <system-out/>
  <testcase classname="org.TestNGEx.Ex2" name="CustomerCreate" time="0.063"/>
  <system-out/>
  <testcase classname="org.TestNGEx.Ex2" name="customerCreate" time="0.012"/>
  <system-out/>
  <testcase classname="org.TestNGEx.Ex2" name="CustomerUpdate" time="0.080"/>
  <system-out/>
  <testcase classname="org.TestNGEx.Ex2" name="deleteCustomer" time="0.004"/>
  <system-out/>
</testsuite> <!-- org.TestNGEx.Ex2 -->
