<?xml version="1.0" encoding="UTF-8"?>
<!-- Generated by org.testng.reporters.JUnitReportReporter -->
<testsuite hostname="DESKTOP-KI9J8S8" failures="0" tests="7" name="org.TestNGEx.PrioritiesEx" time="0.124" errors="0" timestamp="2023-01-07T17:13:56 IST" skipped="0">
  <testcase classname="org.TestNGEx.PrioritiesEx" name="login" time="0.055"/>
  <system-out/>
  <testcase classname="org.TestNGEx.PrioritiesEx" name="customerCreate" time="0.009"/>
  <system-out/>
  <testcase classname="org.TestNGEx.PrioritiesEx" name="CustomerCreate" time="0.012"/>
  <system-out/>
  <testcase classname="org.TestNGEx.PrioritiesEx" name="CustomerUpdate" time="0.014"/>
  <system-out/>
  <testcase classname="org.TestNGEx.PrioritiesEx" name="deleteCustomer" time="0.016"/>
  <system-out/>
  <testcase classname="org.TestNGEx.PrioritiesEx" name="DeleteCustomer" time="0.013"/>
  <system-out/>
  <testcase classname="org.TestNGEx.PrioritiesEx" name="Logout" time="0.005"/>
  <system-out/>
</testsuite> <!-- org.TestNGEx.PrioritiesEx -->
