<?xml version="1.0" encoding="UTF-8"?>
<!-- Generated by org.testng.reporters.JUnitReportReporter -->
<testsuite hostname="DESKTOP-KI9J8S8" failures="0" tests="3" name="org.TestNGEx3.EnabledEx" time="0.079" errors="0" timestamp="2023-01-13T21:18:31 IST" skipped="1">
  <testcase classname="org.TestNGEx3.EnabledEx" name="addCustomerTC" time="0.073"/>
  <system-out/>
  <testcase classname="org.TestNGEx3.EnabledEx" name="searchUsersustomerTC" time="0.006"/>
  <system-out/>
  <testcase classname="org.TestNGEx3.EnabledEx" name="deleteCustomerTC">
    <skipped/>
  </testcase> <!-- deleteCustomerTC -->
  <system-out/>
</testsuite> <!-- org.TestNGEx3.EnabledEx -->
