<?xml version="1.0" encoding="UTF-8"?>
<!-- Generated by org.testng.reporters.JUnitReportReporter -->
<testsuite hostname="DESKTOP-KI9J8S8" failures="0" tests="2" name="org.TestNGEx.ActiTimeEx1" time="29.458" errors="0" timestamp="2023-01-08T19:25:16 IST" skipped="0">
  <testcase classname="org.TestNGEx.ActiTimeEx1" name="verifyLoginPageUrl" time="20.031"/>
  <system-out/>
  <testcase classname="org.TestNGEx.ActiTimeEx1" name="verifyDashboardTitle" time="9.427"/>
  <system-out/>
</testsuite> <!-- org.TestNGEx.ActiTimeEx1 -->
