<?xml version="1.0" encoding="UTF-8"?>
<!-- Generated by org.testng.reporters.JUnitReportReporter -->
<testsuite hostname="DESKTOP-KI9J8S8" failures="0" tests="3" name="org.TestNGEx2.CustomersTC" time="0.025" errors="0" timestamp="2023-01-12T16:12:22 IST" skipped="0">
  <testcase classname="org.TestNGEx2.CustomersTC" name="searchUsersTC" time="0.010"/>
  <system-out/>
  <testcase classname="org.TestNGEx2.CustomersTC" name="addUsersTC" time="0.008"/>
  <system-out/>
  <testcase classname="org.TestNGEx2.CustomersTC" name="deleteUsersTC" time="0.007"/>
  <system-out/>
</testsuite> <!-- org.TestNGEx2.CustomersTC -->
