<?xml version="1.0" encoding="UTF-8"?>
<!-- Generated by org.testng.reporters.JUnitReportReporter -->
<testsuite hostname="DESKTOP-KI9J8S8" failures="0" tests="2" name="org.TestNGEx2.GroupsAccountsTc1" time="0.157" errors="0" timestamp="2023-01-13T21:43:33 IST" skipped="0">
  <testcase classname="org.TestNGEx2.GroupsAccountsTc1" name="addAccountTC" time="0.150"/>
  <system-out/>
  <testcase classname="org.TestNGEx2.GroupsAccountsTc1" name="deleteAccountTC" time="0.007"/>
  <system-out/>
</testsuite> <!-- org.TestNGEx2.GroupsAccountsTc1 -->
