<?xml version="1.0" encoding="UTF-8"?>
<!-- Generated by org.testng.reporters.JUnitReportReporter -->
<testsuite hostname="DESKTOP-KI9J8S8" failures="0" tests="2" name="org.assertionPractice.HardAssert" time="0.103" errors="0" timestamp="2023-01-16T17:48:30 IST" skipped="0">
  <testcase classname="org.assertionPractice.HardAssert" name="testMethod1" time="0.097"/>
  <system-out/>
  <testcase classname="org.assertionPractice.HardAssert" name="testMethod2" time="0.006"/>
  <system-out/>
</testsuite> <!-- org.assertionPractice.HardAssert -->
